Source directory: /mnt/c/Users/us/Documents/projects1/shell-script-final-project/important-documents
Destination directory: /mnt/c/Users/us/Documents/projects1/shell-script-final-project
tar: Cowardly refusing to create an empty archive
Try 'tar --help' or 'tar --usage' for more information.
Backup file backup-1698113761.tar.gz created in /home/daniela699
Source directory: /mnt/c/Users/us/Documents/projects1/shell-script-final-project/important-documents
Destination directory: /mnt/c/Users/us/Documents/projects1/shell-script-final-project
tar: Cowardly refusing to create an empty archive
Try 'tar --help' or 'tar --usage' for more information.
Backup file backup-1698113821.tar.gz created in /home/daniela699
Source directory: /mnt/c/Users/us/Documents/projects1/shell-script-final-project/important-documents
Destination directory: /mnt/c/Users/us/Documents/projects1/shell-script-final-project
tar: Cowardly refusing to create an empty archive
Try 'tar --help' or 'tar --usage' for more information.
Backup file backup-1698113881.tar.gz created in /home/daniela699
Source directory: /mnt/c/Users/us/Documents/projects1/shell-script-final-project/important-documents
Destination directory: /mnt/c/Users/us/Documents/projects1/shell-script-final-project
tar: Cowardly refusing to create an empty archive
Try 'tar --help' or 'tar --usage' for more information.
Backup file backup-1698113941.tar.gz created in /home/daniela699
